<xml><ToUserName><![CDATA[gh_17d70324a2de]]></ToUserName>
<FromUserName><![CDATA[ozek852lSP8T3IJTVr4kFBxjzIS8]]></FromUserName>
<CreateTime>1605094068</CreateTime>
<MsgType><![CDATA[text]]></MsgType>
<Content><![CDATA[函数]]></Content>
<MsgId>22979419784673539</MsgId>
</xml>


<xml><ToUserName><![CDATA[gh_17d70324a2de]]></ToUserName>
<FromUserName><![CDATA[ozek852lSP8T3IJTVr4kFBxjzIS8]]></FromUserName>
<CreateTime>1605094068</CreateTime>
<MsgType><![CDATA[text]]></MsgType>
<Content><![CDATA[函数]]></Content>
<MsgId>22979419784673539</MsgId>
</xml>


<xml><ToUserName><![CDATA[gh_17d70324a2de]]></ToUserName>
<FromUserName><![CDATA[ozek852lSP8T3IJTVr4kFBxjzIS8]]></FromUserName>
<CreateTime>1605094068</CreateTime>
<MsgType><![CDATA[text]]></MsgType>
<Content><![CDATA[函数]]></Content>
<MsgId>22979419784673539</MsgId>
</xml>


<xml><ToUserName><![CDATA[gh_17d70324a2de]]></ToUserName>
<FromUserName><![CDATA[ozek852lSP8T3IJTVr4kFBxjzIS8]]></FromUserName>
<CreateTime>1605094068</CreateTime>
<MsgType><![CDATA[text]]></MsgType>
<Content><![CDATA[函数]]></Content>
<MsgId>22979419784673539</MsgId>
</xml>


<xml><ToUserName><![CDATA[gh_17d70324a2de]]></ToUserName>
<FromUserName><![CDATA[ozek852lSP8T3IJTVr4kFBxjzIS8]]></FromUserName>
<CreateTime>1605094068</CreateTime>
<MsgType><![CDATA[text]]></MsgType>
<Content><![CDATA[函数]]></Content>
<MsgId>22979419784673539</MsgId>
</xml>


<xml><ToUserName><![CDATA[gh_17d70324a2de]]></ToUserName>
<FromUserName><![CDATA[ozek852lSP8T3IJTVr4kFBxjzIS8]]></FromUserName>
<CreateTime>1605094068</CreateTime>
<MsgType><![CDATA[text]]></MsgType>
<Content><![CDATA[函数]]></Content>
<MsgId>22979419784673539</MsgId>
</xml>


<xml><ToUserName><![CDATA[gh_17d70324a2de]]></ToUserName>
<FromUserName><![CDATA[ozek852lSP8T3IJTVr4kFBxjzIS8]]></FromUserName>
<CreateTime>1605094068</CreateTime>
<MsgType><![CDATA[text]]></MsgType>
<Content><![CDATA[函数]]></Content>
<MsgId>22979419784673539</MsgId>
</xml>


<xml><ToUserName><![CDATA[gh_17d70324a2de]]></ToUserName>
<FromUserName><![CDATA[ozek852lSP8T3IJTVr4kFBxjzIS8]]></FromUserName>
<CreateTime>1605094068</CreateTime>
<MsgType><![CDATA[text]]></MsgType>
<Content><![CDATA[函数]]></Content>
<MsgId>22979419784673539</MsgId>
</xml>


<xml><ToUserName><![CDATA[gh_17d70324a2de]]></ToUserName>
<FromUserName><![CDATA[ozek852lSP8T3IJTVr4kFBxjzIS8]]></FromUserName>
<CreateTime>1605094068</CreateTime>
<MsgType><![CDATA[text]]></MsgType>
<Content><![CDATA[函数]]></Content>
<MsgId>22979419784673539</MsgId>
</xml>


<xml>
    <ToUserName><![CDATA[gh_17d70324a2de]]></ToUserName>
    <FromUserName><![CDATA[ozek852lSP8T3IJTVr4kFBxjzIS8]]></FromUserName>
    <CreateTime>1605094068</CreateTime>
    <MsgType><![CDATA[text]]></MsgType>
    <Content><![CDATA[函数]]></Content>
    <MsgId>22979419784673539</MsgId>
</xml>


<xml>
    <ToUserName><![CDATA[gh_17d70324a2de]]></ToUserName>
    <FromUserName><![CDATA[ozek852lSP8T3IJTVr4kFBxjzIS8]]></FromUserName>
    <CreateTime>1605094068</CreateTime>
    <MsgType><![CDATA[text]]></MsgType>
    <Content><![CDATA[函数]]></Content>
    <MsgId>22979419784673539</MsgId>
</xml>


<xml>
    <ToUserName><![CDATA[gh_17d70324a2de]]></ToUserName>
    <FromUserName><![CDATA[ozek852lSP8T3IJTVr4kFBxjzIS8]]></FromUserName>
    <CreateTime>1605094068</CreateTime>
    <MsgType><![CDATA[text]]></MsgType>
    <Content>函数</Content>
    <MsgId>22979419784673539</MsgId>
</xml>


<xml>
    <ToUserName><![CDATA[gh_17d70324a2de]]></ToUserName>
    <FromUserName><![CDATA[ozek852lSP8T3IJTVr4kFBxjzIS8]]></FromUserName>
    <CreateTime>1605094068</CreateTime>
    <MsgType><[text]></MsgType>
    <Content>函数</Content>
    <MsgId>22979419784673539</MsgId>
</xml>


<xml>
    <ToUserName><![CDATA[gh_17d70324a2de]]></ToUserName>
    <FromUserName><![CDATA[ozek852lSP8T3IJTVr4kFBxjzIS8]]></FromUserName>
    <CreateTime>1605094068</CreateTime>
    <MsgType>text</MsgType>
    <Content>函数</Content>
    <MsgId>22979419784673539</MsgId>
</xml>


<xml>
    <ToUserName><![CDATA[gh_17d70324a2de]]></ToUserName>
    <FromUserName><![CDATA[ozek852lSP8T3IJTVr4kFBxjzIS8]]></FromUserName>
    <CreateTime>1605094068</CreateTime>
    <MsgType>text</MsgType>
    <Content>函数</Content>
    <MsgId>22979419784673539</MsgId>
</xml>


<xml>
    <ToUserName><![CDATA[gh_17d70324a2de]]></ToUserName>
    <FromUserName><![CDATA[ozek852lSP8T3IJTVr4kFBxjzIS8]]></FromUserName>
    <CreateTime>1605094068</CreateTime>
    <MsgType>text</MsgType>
    <Content>函数</Content>
    <MsgId>22979419784673539</MsgId>
</xml>


<xml><ToUserName><![CDATA[gh_17d70324a2de]]></ToUserName>
<FromUserName><![CDATA[ozek852lSP8T3IJTVr4kFBxjzIS8]]></FromUserName>
<CreateTime>1605094897</CreateTime>
<MsgType><![CDATA[text]]></MsgType>
<Content><![CDATA[  局长大]]></Content>
<MsgId>22979433627914451</MsgId>
</xml>


<xml>
<ToUserName><![CDATA[gh_17d70324a2de]]></ToUserName>
<FromUserName><![CDATA[ozek852lSP8T3IJTVr4kFBxjzIS8]]></FromUserName>
<CreateTime>1605094897</CreateTime>
<MsgType><![text]></MsgType>
<Content><![CDATA[  局长大]]></Content>
<MsgId>22979433627914451</MsgId>
</xml>


<xml>
<ToUserName><![CDATA[gh_17d70324a2de]]></ToUserName>
<FromUserName><![CDATA[ozek852lSP8T3IJTVr4kFBxjzIS8]]></FromUserName>
<CreateTime>1605094897</CreateTime>
<MsgType><![text]></MsgType>
<Content><![CDATA[  局长大]]></Content>
<MsgId>22979433627914451</MsgId>
</xml>


<xml>
<ToUserName><![CDATA[gh_17d70324a2de]]></ToUserName>
<FromUserName><![CDATA[ozek852lSP8T3IJTVr4kFBxjzIS8]]></FromUserName>
<CreateTime>1605094897</CreateTime>
<MsgType><![text]></MsgType>
<Content><![CDATA[  局长大]]></Content>
<MsgId>22979433627914451</MsgId>
</xml>




<xml><ToUserName><![CDATA[gh_17d70324a2de]]></ToUserName>
<FromUserName><![CDATA[ozek852lSP8T3IJTVr4kFBxjzIS8]]></FromUserName>
<CreateTime>1605161966</CreateTime>
<MsgType><![CDATA[event]]></MsgType>
<Event><![CDATA[subscribe]]></Event>
<EventKey><![CDATA[]]></EventKey>
</xml>


<xml><ToUserName><![CDATA[gh_17d70324a2de]]></ToUserName>
<FromUserName><![CDATA[ozek852lSP8T3IJTVr4kFBxjzIS8]]></FromUserName>
<CreateTime>1605161966</CreateTime>
<MsgType><![CDATA[event]]></MsgType>
<Event><![CDATA[subscribe]]></Event>
<EventKey><![CDATA[]]></EventKey>
</xml>


<xml><ToUserName><![CDATA[gh_17d70324a2de]]></ToUserName>
<FromUserName><![CDATA[ozek852lSP8T3IJTVr4kFBxjzIS8]]></FromUserName>
<CreateTime>1605161966</CreateTime>
<MsgType><![CDATA[event]]></MsgType>
<Event><![CDATA[subscribe]]></Event>
<EventKey><![CDATA[]]></EventKey>
</xml>


<xml><ToUserName><![CDATA[gh_17d70324a2de]]></ToUserName>
<FromUserName><![CDATA[ozek852lSP8T3IJTVr4kFBxjzIS8]]></FromUserName>
<CreateTime>1605161966</CreateTime>
<MsgType><![CDATA[event]]></MsgType>
<Event><![CDATA[subscribe]]></Event>
<EventKey><![CDATA[]]></EventKey>
</xml>


<xml><ToUserName><![CDATA[gh_17d70324a2de]]></ToUserName>
<FromUserName><![CDATA[ozek852lSP8T3IJTVr4kFBxjzIS8]]></FromUserName>
<CreateTime>1605161966</CreateTime>
<MsgType><![CDATA[event]]></MsgType>
<Event><![CDATA[subscribe]]></Event>
<EventKey><![CDATA[]]></EventKey>
</xml>


<xml><ToUserName><![CDATA[gh_17d70324a2de]]></ToUserName>
<FromUserName><![CDATA[ozek852lSP8T3IJTVr4kFBxjzIS8]]></FromUserName>
<CreateTime>1605161966</CreateTime>
<MsgType><![CDATA[event]]></MsgType>
<Event><![CDATA[subscribe]]></Event>
<EventKey><![CDATA[]]></EventKey>
</xml>


<xml><ToUserName><![CDATA[gh_17d70324a2de]]></ToUserName>
<FromUserName><![CDATA[ozek852lSP8T3IJTVr4kFBxjzIS8]]></FromUserName>
<CreateTime>1605161966</CreateTime>
<MsgType><![CDATA[event]]></MsgType>
<Event><![CDATA[subscribe]]></Event>
<EventKey><![CDATA[]]></EventKey>
</xml>


<xml><ToUserName><![CDATA[gh_17d70324a2de]]></ToUserName>
<FromUserName><![CDATA[ozek852lSP8T3IJTVr4kFBxjzIS8]]></FromUserName>
<CreateTime>1605161966</CreateTime>
<MsgType><![CDATA[event]]></MsgType>
<Event><![CDATA[subscribe]]></Event>
<EventKey><![CDATA[]]></EventKey>
</xml>


<xml><ToUserName><![CDATA[gh_17d70324a2de]]></ToUserName>
<FromUserName><![CDATA[ozek852lSP8T3IJTVr4kFBxjzIS8]]></FromUserName>
<CreateTime>1605161966</CreateTime>
<MsgType><![CDATA[event]]></MsgType>
<Event><![CDATA[subscribe]]></Event>
<EventKey><![CDATA[]]></EventKey>
</xml>


<xml><ToUserName><![CDATA[gh_17d70324a2de]]></ToUserName>
<FromUserName><![CDATA[ozek852lSP8T3IJTVr4kFBxjzIS8]]></FromUserName>
<CreateTime>1605161966</CreateTime>
<MsgType><![CDATA[event]]></MsgType>
<Event><![CDATA[subscribe]]></Event>
<EventKey><![CDATA[]]></EventKey>
</xml>


<xml><ToUserName><![CDATA[gh_17d70324a2de]]></ToUserName>
<FromUserName><![CDATA[ozek852lSP8T3IJTVr4kFBxjzIS8]]></FromUserName>
<CreateTime>1605161966</CreateTime>
<MsgType><![CDATA[event]]></MsgType>
<Event><![CDATA[subscribe]]></Event>
<EventKey><![CDATA[]]></EventKey>
</xml>


<xml><ToUserName><![CDATA[gh_17d70324a2de]]></ToUserName>
<FromUserName><![CDATA[ozek852lSP8T3IJTVr4kFBxjzIS8]]></FromUserName>
<CreateTime>1605161966</CreateTime>
<MsgType><![CDATA[event]]></MsgType>
<Event><![CDATA[subscribe]]></Event>
<EventKey><![CDATA[]]></EventKey>
</xml>


<xml><ToUserName><![CDATA[gh_17d70324a2de]]></ToUserName>
<FromUserName><![CDATA[ozek852lSP8T3IJTVr4kFBxjzIS8]]></FromUserName>
<CreateTime>1605161966</CreateTime>
<MsgType><![CDATA[event]]></MsgType>
<Event><![CDATA[subscribe]]></Event>
<EventKey><![CDATA[]]></EventKey>
</xml>


<xml><ToUserName><![CDATA[gh_17d70324a2de]]></ToUserName>
<FromUserName><![CDATA[ozek852lSP8T3IJTVr4kFBxjzIS8]]></FromUserName>
<CreateTime>1605161966</CreateTime>
<MsgType><![CDATA[event]]></MsgType>
<Event><![CDATA[subscribe]]></Event>
<EventKey><![CDATA[]]></EventKey>
</xml>


<xml><ToUserName><![CDATA[gh_17d70324a2de]]></ToUserName>
<FromUserName><![CDATA[ozek852lSP8T3IJTVr4kFBxjzIS8]]></FromUserName>
<CreateTime>1605161966</CreateTime>
<MsgType><![CDATA[event]]></MsgType>
<Event><![CDATA[subscribe]]></Event>
<EventKey><![CDATA[]]></EventKey>
</xml>


<xml><ToUserName><![CDATA[gh_17d70324a2de]]></ToUserName>
<FromUserName><![CDATA[ozek852lSP8T3IJTVr4kFBxjzIS8]]></FromUserName>
<CreateTime>1605161966</CreateTime>
<MsgType><![CDATA[event]]></MsgType>
<Event><![CDATA[subscribe]]></Event>
<EventKey><![CDATA[]]></EventKey>
</xml>


<xml><ToUserName><![CDATA[gh_17d70324a2de]]></ToUserName>
<FromUserName><![CDATA[ozek852lSP8T3IJTVr4kFBxjzIS8]]></FromUserName>
<CreateTime>1605161966</CreateTime>
<MsgType><![CDATA[event]]></MsgType>
<Event><![CDATA[subscribe]]></Event>
<EventKey><![CDATA[]]></EventKey>
</xml>


<xml><ToUserName><![CDATA[gh_17d70324a2de]]></ToUserName>
<FromUserName><![CDATA[ozek852lSP8T3IJTVr4kFBxjzIS8]]></FromUserName>
<CreateTime>1605161966</CreateTime>
<MsgType><![CDATA[event]]></MsgType>
<Event><![CDATA[subscribe]]></Event>
<EventKey><![CDATA[]]></EventKey>
</xml>


<xml><ToUserName><![CDATA[gh_17d70324a2de]]></ToUserName>
<FromUserName><![CDATA[ozek852lSP8T3IJTVr4kFBxjzIS8]]></FromUserName>
<CreateTime>1605161966</CreateTime>
<MsgType><![CDATA[event]]></MsgType>
<Event><![CDATA[subscribe]]></Event>
<EventKey><![CDATA[]]></EventKey>
</xml>


<xml><ToUserName><![CDATA[gh_17d70324a2de]]></ToUserName>
<FromUserName><![CDATA[ozek852lSP8T3IJTVr4kFBxjzIS8]]></FromUserName>
<CreateTime>1605161966</CreateTime>
<MsgType><![CDATA[event]]></MsgType>
<Event><![CDATA[subscribe]]></Event>
<EventKey><![CDATA[]]></EventKey>
</xml>


<xml><ToUserName><![CDATA[gh_17d70324a2de]]></ToUserName>
<FromUserName><![CDATA[ozek852lSP8T3IJTVr4kFBxjzIS8]]></FromUserName>
<CreateTime>1605161966</CreateTime>
<MsgType><![CDATA[event]]></MsgType>
<Event><![CDATA[subscribe]]></Event>
<EventKey><![CDATA[]]></EventKey>
</xml>


<xml><ToUserName><![CDATA[gh_17d70324a2de]]></ToUserName>
<FromUserName><![CDATA[ozek852lSP8T3IJTVr4kFBxjzIS8]]></FromUserName>
<CreateTime>1605161966</CreateTime>
<MsgType><![CDATA[event]]></MsgType>
<Event><![CDATA[subscribe]]></Event>
<EventKey><![CDATA[]]></EventKey>
</xml>


<xml><ToUserName><![CDATA[gh_17d70324a2de]]></ToUserName>
<FromUserName><![CDATA[ozek852lSP8T3IJTVr4kFBxjzIS8]]></FromUserName>
<CreateTime>1605161966</CreateTime>
<MsgType><![CDATA[event]]></MsgType>
<Event><![CDATA[subscribe]]></Event>
<EventKey><![CDATA[]]></EventKey>
</xml>


<xml><ToUserName><![CDATA[gh_17d70324a2de]]></ToUserName>
<FromUserName><![CDATA[ozek852lSP8T3IJTVr4kFBxjzIS8]]></FromUserName>
<CreateTime>1605161966</CreateTime>
<MsgType><![CDATA[event]]></MsgType>
<Event><![CDATA[subscribe]]></Event>
<EventKey><![CDATA[]]></EventKey>
</xml>


<xml><ToUserName><![CDATA[gh_17d70324a2de]]></ToUserName>
<FromUserName><![CDATA[ozek852lSP8T3IJTVr4kFBxjzIS8]]></FromUserName>
<CreateTime>1605161966</CreateTime>
<MsgType><![CDATA[event]]></MsgType>
<Event><![CDATA[subscribe]]></Event>
<EventKey><![CDATA[]]></EventKey>
</xml>


<xml><ToUserName><![CDATA[gh_17d70324a2de]]></ToUserName>
<FromUserName><![CDATA[ozek852lSP8T3IJTVr4kFBxjzIS8]]></FromUserName>
<CreateTime>1605161966</CreateTime>
<MsgType><![CDATA[event]]></MsgType>
<Event><![CDATA[subscribe]]></Event>
<EventKey><![CDATA[]]></EventKey>
</xml>


<xml><ToUserName><![CDATA[gh_17d70324a2de]]></ToUserName>
<FromUserName><![CDATA[ozek852lSP8T3IJTVr4kFBxjzIS8]]></FromUserName>
<CreateTime>1605161966</CreateTime>
<MsgType><![CDATA[event]]></MsgType>
<Event><![CDATA[subscribe]]></Event>
<EventKey><![CDATA[]]></EventKey>
</xml>


<xml><ToUserName><![CDATA[gh_17d70324a2de]]></ToUserName>
<FromUserName><![CDATA[ozek852lSP8T3IJTVr4kFBxjzIS8]]></FromUserName>
<CreateTime>1605161966</CreateTime>
<MsgType><![CDATA[event]]></MsgType>
<Event><![CDATA[subscribe]]></Event>
<EventKey><![CDATA[]]></EventKey>
</xml>


<xml><ToUserName><![CDATA[gh_17d70324a2de]]></ToUserName>
<FromUserName><![CDATA[ozek852lSP8T3IJTVr4kFBxjzIS8]]></FromUserName>
<CreateTime>1605161966</CreateTime>
<MsgType><![CDATA[event]]></MsgType>
<Event><![CDATA[subscribe]]></Event>
<EventKey><![CDATA[]]></EventKey>
</xml>


<xml><ToUserName><![CDATA[gh_17d70324a2de]]></ToUserName>
<FromUserName><![CDATA[ozek852lSP8T3IJTVr4kFBxjzIS8]]></FromUserName>
<CreateTime>1605161966</CreateTime>
<MsgType><![CDATA[event]]></MsgType>
<Event><![CDATA[subscribe]]></Event>
<EventKey><![CDATA[]]></EventKey>
</xml>


<xml><ToUserName><![CDATA[gh_17d70324a2de]]></ToUserName>
<FromUserName><![CDATA[ozek852lSP8T3IJTVr4kFBxjzIS8]]></FromUserName>
<CreateTime>1605161966</CreateTime>
<MsgType><![CDATA[event]]></MsgType>
<Event><![CDATA[subscribe]]></Event>
<EventKey><![CDATA[]]></EventKey>
</xml>


<xml><ToUserName><![CDATA[gh_17d70324a2de]]></ToUserName>
<FromUserName><![CDATA[ozek852lSP8T3IJTVr4kFBxjzIS8]]></FromUserName>
<CreateTime>1605161966</CreateTime>
<MsgType><![CDATA[event]]></MsgType>
<Event><![CDATA[subscribe]]></Event>
<EventKey><![CDATA[]]></EventKey>
</xml>


<xml><ToUserName><![CDATA[gh_17d70324a2de]]></ToUserName>
<FromUserName><![CDATA[ozek852lSP8T3IJTVr4kFBxjzIS8]]></FromUserName>
<CreateTime>1605161966</CreateTime>
<MsgType><![CDATA[event]]></MsgType>
<Event><![CDATA[subscribe]]></Event>
<EventKey><![CDATA[]]></EventKey>
</xml>


<xml><ToUserName><![CDATA[gh_17d70324a2de]]></ToUserName>
<FromUserName><![CDATA[ozek852lSP8T3IJTVr4kFBxjzIS8]]></FromUserName>
<CreateTime>1605161966</CreateTime>
<MsgType><![CDATA[event]]></MsgType>
<Event><![CDATA[subscribe]]></Event>
<EventKey><![CDATA[]]></EventKey>
</xml>


<xml><ToUserName><![CDATA[gh_17d70324a2de]]></ToUserName>
<FromUserName><![CDATA[ozek852lSP8T3IJTVr4kFBxjzIS8]]></FromUserName>
<CreateTime>1605161966</CreateTime>
<MsgType><![CDATA[event]]></MsgType>
<Event><![CDATA[subscribe]]></Event>
<EventKey><![CDATA[]]></EventKey>
</xml>


<xml><ToUserName><![CDATA[gh_17d70324a2de]]></ToUserName>
<FromUserName><![CDATA[ozek852lSP8T3IJTVr4kFBxjzIS8]]></FromUserName>
<CreateTime>1605161966</CreateTime>
<MsgType><![CDATA[event]]></MsgType>
<Event><![CDATA[subscribe]]></Event>
<EventKey><![CDATA[]]></EventKey>
</xml>


<xml><ToUserName><![CDATA[gh_17d70324a2de]]></ToUserName>
<FromUserName><![CDATA[ozek852lSP8T3IJTVr4kFBxjzIS8]]></FromUserName>
<CreateTime>1605161966</CreateTime>
<MsgType><![CDATA[event]]></MsgType>
<Event><![CDATA[subscribe]]></Event>
<EventKey><![CDATA[]]></EventKey>
</xml>


<xml><ToUserName><![CDATA[gh_17d70324a2de]]></ToUserName>
<FromUserName><![CDATA[ozek852lSP8T3IJTVr4kFBxjzIS8]]></FromUserName>
<CreateTime>1605161966</CreateTime>
<MsgType><![CDATA[event]]></MsgType>
<Event><![CDATA[subscribe]]></Event>
<EventKey><![CDATA[]]></EventKey>
</xml>


<xml><ToUserName><![CDATA[gh_17d70324a2de]]></ToUserName>
<FromUserName><![CDATA[ozek852lSP8T3IJTVr4kFBxjzIS8]]></FromUserName>
<CreateTime>1605161966</CreateTime>
<MsgType><![CDATA[event]]></MsgType>
<Event><![CDATA[subscribe]]></Event>
<EventKey><![CDATA[]]></EventKey>
</xml>


<xml><ToUserName><![CDATA[gh_17d70324a2de]]></ToUserName>
<FromUserName><![CDATA[ozek852lSP8T3IJTVr4kFBxjzIS8]]></FromUserName>
<CreateTime>1605161966</CreateTime>
<MsgType><![CDATA[event]]></MsgType>
<Event><![CDATA[subscribe]]></Event>
<EventKey><![CDATA[]]></EventKey>
</xml>


<xml><ToUserName><![CDATA[gh_17d70324a2de]]></ToUserName>
<FromUserName><![CDATA[ozek852lSP8T3IJTVr4kFBxjzIS8]]></FromUserName>
<CreateTime>1605161966</CreateTime>
<MsgType><![CDATA[event]]></MsgType>
<Event><![CDATA[subscribe]]></Event>
<EventKey><![CDATA[]]></EventKey>
</xml>


<xml><ToUserName><![CDATA[gh_17d70324a2de]]></ToUserName>
<FromUserName><![CDATA[ozek852lSP8T3IJTVr4kFBxjzIS8]]></FromUserName>
<CreateTime>1605161966</CreateTime>
<MsgType><![CDATA[event]]></MsgType>
<Event><![CDATA[subscribe]]></Event>
<EventKey><![CDATA[]]></EventKey>
</xml>


<xml><ToUserName><![CDATA[gh_17d70324a2de]]></ToUserName>
<FromUserName><![CDATA[ozek852lSP8T3IJTVr4kFBxjzIS8]]></FromUserName>
<CreateTime>1605161966</CreateTime>
<MsgType><![CDATA[event]]></MsgType>
<Event><![CDATA[subscribe]]></Event>
<EventKey><![CDATA[]]></EventKey>
</xml>


<xml><ToUserName><![CDATA[gh_17d70324a2de]]></ToUserName>
<FromUserName><![CDATA[ozek852lSP8T3IJTVr4kFBxjzIS8]]></FromUserName>
<CreateTime>1605161966</CreateTime>
<MsgType><![CDATA[event]]></MsgType>
<Event><![CDATA[subscribe]]></Event>
<EventKey><![CDATA[]]></EventKey>
</xml>


<xml><ToUserName><![CDATA[gh_17d70324a2de]]></ToUserName>
<FromUserName><![CDATA[ozek852lSP8T3IJTVr4kFBxjzIS8]]></FromUserName>
<CreateTime>1605161966</CreateTime>
<MsgType><![CDATA[event]]></MsgType>
<Event><![CDATA[subscribe]]></Event>
<EventKey><![CDATA[]]></EventKey>
</xml>


<xml><ToUserName><![CDATA[gh_17d70324a2de]]></ToUserName>
<FromUserName><![CDATA[ozek852lSP8T3IJTVr4kFBxjzIS8]]></FromUserName>
<CreateTime>1605161966</CreateTime>
<MsgType><![CDATA[event]]></MsgType>
<Event><![CDATA[subscribe]]></Event>
<EventKey><![CDATA[]]></EventKey>
</xml>


<xml><ToUserName><![CDATA[gh_17d70324a2de]]></ToUserName>
<FromUserName><![CDATA[ozek852lSP8T3IJTVr4kFBxjzIS8]]></FromUserName>
<CreateTime>1605161966</CreateTime>
<MsgType><![CDATA[event]]></MsgType>
<Event><![CDATA[subscribe]]></Event>
<EventKey><![CDATA[]]></EventKey>
</xml>


<xml><ToUserName><![CDATA[gh_17d70324a2de]]></ToUserName>
<FromUserName><![CDATA[ozek852lSP8T3IJTVr4kFBxjzIS8]]></FromUserName>
<CreateTime>1605161966</CreateTime>
<MsgType><![CDATA[event]]></MsgType>
<Event><![CDATA[subscribe]]></Event>
<EventKey><![CDATA[]]></EventKey>
</xml>


<xml><ToUserName><![CDATA[gh_17d70324a2de]]></ToUserName>
<FromUserName><![CDATA[ozek852lSP8T3IJTVr4kFBxjzIS8]]></FromUserName>
<CreateTime>1605161966</CreateTime>
<MsgType><![CDATA[event]]></MsgType>
<Event><![CDATA[subscribe]]></Event>
<EventKey><![CDATA[]]></EventKey>
</xml>


<xml><ToUserName><![CDATA[gh_17d70324a2de]]></ToUserName>
<FromUserName><![CDATA[ozek852lSP8T3IJTVr4kFBxjzIS8]]></FromUserName>
<CreateTime>1605167559</CreateTime>
<MsgType><![CDATA[event]]></MsgType>
<Event><![CDATA[CLICK]]></Event>
<EventKey><![CDATA[V1001_TODAY_MUSIC]]></EventKey>
</xml>
<xml><ToUserName><![CDATA[gh_17d70324a2de]]></ToUserName>
<FromUserName><![CDATA[ozek852lSP8T3IJTVr4kFBxjzIS8]]></FromUserName>
<CreateTime>1605167559</CreateTime>
<MsgType><![CDATA[event]]></MsgType>
<Event><![CDATA[CLICK]]></Event>
<EventKey><![CDATA[V1001_TODAY_MUSIC]]></EventKey>
</xml>
<xml><ToUserName><![CDATA[gh_17d70324a2de]]></ToUserName>
<FromUserName><![CDATA[ozek852lSP8T3IJTVr4kFBxjzIS8]]></FromUserName>
<CreateTime>1605167559</CreateTime>
<MsgType><![CDATA[event]]></MsgType>
<Event><![CDATA[CLICK]]></Event>
<EventKey><![CDATA[V1001_TODAY_MUSIC]]></EventKey>
</xml>
<xml><ToUserName><![CDATA[gh_17d70324a2de]]></ToUserName>
<FromUserName><![CDATA[ozek852lSP8T3IJTVr4kFBxjzIS8]]></FromUserName>
<CreateTime>1605167559</CreateTime>
<MsgType><![CDATA[event]]></MsgType>
<Event><![CDATA[CLICK]]></Event>
<EventKey><![CDATA[V1001_TODAY_MUSIC]]></EventKey>
</xml>
<xml><ToUserName><![CDATA[gh_17d70324a2de]]></ToUserName>
<FromUserName><![CDATA[ozek852lSP8T3IJTVr4kFBxjzIS8]]></FromUserName>
<CreateTime>1605167559</CreateTime>
<MsgType><![CDATA[event]]></MsgType>
<Event><![CDATA[CLICK]]></Event>
<EventKey><![CDATA[V1001_TODAY_MUSIC]]></EventKey>
</xml>
<xml><ToUserName><![CDATA[gh_17d70324a2de]]></ToUserName>
<FromUserName><![CDATA[ozek852lSP8T3IJTVr4kFBxjzIS8]]></FromUserName>
<CreateTime>1605167559</CreateTime>
<MsgType><![CDATA[event]]></MsgType>
<Event><![CDATA[CLICK]]></Event>
<EventKey><![CDATA[V1001_TODAY_MUSIC]]></EventKey>
</xml>
<xml><ToUserName><![CDATA[gh_17d70324a2de]]></ToUserName>
<FromUserName><![CDATA[ozek852lSP8T3IJTVr4kFBxjzIS8]]></FromUserName>
<CreateTime>1605167559</CreateTime>
<MsgType><![CDATA[event]]></MsgType>
<Event><![CDATA[CLICK]]></Event>
<EventKey><![CDATA[V1001_TODAY_MUSIC]]></EventKey>
</xml>
<xml><ToUserName><![CDATA[gh_17d70324a2de]]></ToUserName>
<FromUserName><![CDATA[ozek852lSP8T3IJTVr4kFBxjzIS8]]></FromUserName>
<CreateTime>1605167559</CreateTime>
<MsgType><![CDATA[event]]></MsgType>
<Event><![CDATA[CLICK]]></Event>
<EventKey><![CDATA[V1001_TODAY_MUSIC]]></EventKey>
</xml>
<xml><ToUserName><![CDATA[gh_17d70324a2de]]></ToUserName>
<FromUserName><![CDATA[ozek852lSP8T3IJTVr4kFBxjzIS8]]></FromUserName>
<CreateTime>1605167559</CreateTime>
<MsgType><![CDATA[event]]></MsgType>
<Event><![CDATA[CLICK]]></Event>
<EventKey><![CDATA[V1001_TODAY_MUSIC]]></EventKey>
</xml>
<xml><ToUserName><![CDATA[gh_17d70324a2de]]></ToUserName>
<FromUserName><![CDATA[ozek852lSP8T3IJTVr4kFBxjzIS8]]></FromUserName>
<CreateTime>1605167559</CreateTime>
<MsgType><![CDATA[event]]></MsgType>
<Event><![CDATA[CLICK]]></Event>
<EventKey><![CDATA[V1001_TODAY_MUSIC]]></EventKey>
</xml>
<xml><ToUserName><![CDATA[gh_17d70324a2de]]></ToUserName>
<FromUserName><![CDATA[ozek852lSP8T3IJTVr4kFBxjzIS8]]></FromUserName>
<CreateTime>1605167559</CreateTime>
<MsgType><![CDATA[event]]></MsgType>
<Event><![CDATA[CLICK]]></Event>
<EventKey><![CDATA[V1001_TODAY_MUSIC]]></EventKey>
</xml>
<xml><ToUserName><![CDATA[gh_17d70324a2de]]></ToUserName>
<FromUserName><![CDATA[ozek852lSP8T3IJTVr4kFBxjzIS8]]></FromUserName>
<CreateTime>1605167559</CreateTime>
<MsgType><![CDATA[event]]></MsgType>
<Event><![CDATA[CLICK]]></Event>
<EventKey><![CDATA[V1001_TODAY_MUSIC]]></EventKey>
</xml>
<xml><ToUserName><![CDATA[gh_17d70324a2de]]></ToUserName>
<FromUserName><![CDATA[ozek852lSP8T3IJTVr4kFBxjzIS8]]></FromUserName>
<CreateTime>1605167559</CreateTime>
<MsgType><![CDATA[event]]></MsgType>
<Event><![CDATA[subscribe]]></Event>
</xml>
<xml><ToUserName><![CDATA[gh_17d70324a2de]]></ToUserName>
<FromUserName><![CDATA[ozek852lSP8T3IJTVr4kFBxjzIS8]]></FromUserName>
<CreateTime>1605238408</CreateTime>
<MsgType><![CDATA[text]]></MsgType>
<Content><![CDATA[你好]]></Content>
<MsgId>22981486267214214</MsgId>
</xml>

<xml><ToUserName><![CDATA[gh_17d70324a2de]]></ToUserName>
<FromUserName><![CDATA[ozek852lSP8T3IJTVr4kFBxjzIS8]]></FromUserName>
<CreateTime>1605238408</CreateTime>
<MsgType><![CDATA[text]]></MsgType>
<Content><![CDATA[你好]]></Content>
<MsgId>22981486267214214</MsgId>
</xml>

<xml><ToUserName><![CDATA[gh_17d70324a2de]]></ToUserName>
<FromUserName><![CDATA[ozek852lSP8T3IJTVr4kFBxjzIS8]]></FromUserName>
<CreateTime>1605238408</CreateTime>
<MsgType><![CDATA[text]]></MsgType>
<Content><![CDATA[你好]]></Content>
<MsgId>22981486267214214</MsgId>
</xml>

<xml><ToUserName><![CDATA[gh_17d70324a2de]]></ToUserName>
<FromUserName><![CDATA[ozek852lSP8T3IJTVr4kFBxjzIS8]]></FromUserName>
<CreateTime>1605238408</CreateTime>
<MsgType><![CDATA[text]]></MsgType>
<Content><![CDATA[你好]]></Content>
<MsgId>22981486267214214</MsgId>
</xml>

<xml><ToUserName><![CDATA[gh_17d70324a2de]]></ToUserName>
<FromUserName><![CDATA[ozek852lSP8T3IJTVr4kFBxjzIS8]]></FromUserName>
<CreateTime>1605238408</CreateTime>
<MsgType><![CDATA[text]]></MsgType>
<Content><![CDATA[你好]]></Content>
<MsgId>22981486267214214</MsgId>
</xml>

<xml><ToUserName><![CDATA[gh_17d70324a2de]]></ToUserName>
<FromUserName><![CDATA[ozek852lSP8T3IJTVr4kFBxjzIS8]]></FromUserName>
<CreateTime>1605238408</CreateTime>
<MsgType><![CDATA[text]]></MsgType>
<Content><![CDATA[你好]]></Content>
<MsgId>22981486267214214</MsgId>
</xml>

<xml><ToUserName><![CDATA[gh_17d70324a2de]]></ToUserName>
<FromUserName><![CDATA[ozek852lSP8T3IJTVr4kFBxjzIS8]]></FromUserName>
<CreateTime>1605238408</CreateTime>
<MsgType><![CDATA[text]]></MsgType>
<Content><![CDATA[你好]]></Content>
<MsgId>22981486267214214</MsgId>
</xml>

